<?xml version="1.0" encoding="UTF-8"?>
<testsuite xmlns:xsi="http://www.w3.org/2001/XMLSchema-instance" xsi:schemaLocation="https://maven.apache.org/surefire/maven-surefire-plugin/xsd/surefire-test-report.xsd" name="TestSuite" time="65.464" tests="3" errors="0" skipped="1" failures="2">
  <properties>
[...]
</properties>
  <testcase name="launchBrowser" classname="testScripts.login.LoginTest" time="65.149">
    <failure message="unknown error: Chrome failed to start: crashed&#10;  (Driver info: chromedriver=2.35.528161 (5b82f2d2aae0ca24b877009200ced9065a772e73),platform=Windows NT 6.1.7601 SP1 x86_64) (WARNING: The server did not provide any stacktrace information)&#10;Command duration or timeout: 61.98 seconds&#10;Build info: version: &apos;3.12.0&apos;, revision: &apos;7c6e0b3&apos;, time: &apos;2018-05-08T14:04:26.12Z&apos;&#10;System info: host: &apos;USER-PC&apos;, ip: &apos;192.168.1.6&apos;, os.name: &apos;Windows 7&apos;, os.arch: &apos;amd64&apos;, os.version: &apos;6.1&apos;, java.version: &apos;1.8.0_162&apos;&#10;Driver info: driver.version: ChromeDriver" type="org.openqa.selenium.WebDriverException">org.openqa.selenium.WebDriverException: 
unknown error: Chrome failed to start: crashed
  (Driver info: chromedriver=2.35.528161 (5b82f2d2aae0ca24b877009200ced9065a772e73),platform=Windows NT 6.1.7601 SP1 x86_64) (WARNING: The server did not provide any stacktrace information)
Command duration or timeout: 61.98 seconds
Build info: version: '3.12.0', revision: '7c6e0b3', time: '2018-05-08T14:04:26.12Z'
System info: host: 'USER-PC', ip: '192.168.1.6', os.name: 'Windows 7', os.arch: 'amd64', os.version: '6.1', java.version: '1.8.0_162'
Driver info: driver.version: ChromeDriver
</failure>
    <system-out><![CDATA[D:\eclipse-workspace\excel-tutorial-with-dataDrivenFramework-master
2018-06-09 20:28:34 INFO  DataSource:80 - loading config.properties..
D:\eclipse-workspace\excel-tutorial-with-dataDrivenFramework-master
2018-06-09 20:28:34 INFO  DataSource:89 - loading config.properties done
]]></system-out>
    <system-err><![CDATA[Starting ChromeDriver 2.35.528161 (5b82f2d2aae0ca24b877009200ced9065a772e73) on port 34183
Only local connections are allowed.
]]></system-err>
  </testcase>
  <testcase name="beforeClass" classname="testScripts.login.LoginTest" time="0">
    <skipped/>
  </testcase>
  <testcase name="loginTest" classname="testScripts.login.LoginTest" time="65.186">
    <failure message="&#10;Data Provider public java.lang.Object[][] testScripts.login.LoginTest.testData() returned a null value" type="org.testng.TestNGException">org.testng.TestNGException: 

Data Provider public java.lang.Object[][] testScripts.login.LoginTest.testData() returned a null value
</failure>
    <system-out><![CDATA[D:\eclipse-workspace\excel-tutorial-with-dataDrivenFramework-master
]]></system-out>
    <system-err><![CDATA[java.io.FileNotFoundException: D:\eclipse-workspace\excel-tutorial-with-dataDrivenFramework-master\src\main\resources\testData\demo.xlsx (The system cannot find the file specified)
	at java.io.FileInputStream.open0(Native Method)
	at java.io.FileInputStream.open(Unknown Source)
	at java.io.FileInputStream.<init>(Unknown Source)
	at excel.tutorial.ReadDataFromExcelSheet.getExcelData(ReadDataFromExcelSheet.java:22)
	at testBase.TestBase.getExcelData(TestBase.java:38)
	at testScripts.login.LoginTest.testData(LoginTest.java:21)
	at sun.reflect.NativeMethodAccessorImpl.invoke0(Native Method)
	at sun.reflect.NativeMethodAccessorImpl.invoke(Unknown Source)
	at sun.reflect.DelegatingMethodAccessorImpl.invoke(Unknown Source)
	at java.lang.reflect.Method.invoke(Unknown Source)
	at org.testng.internal.MethodInvocationHelper.invokeMethod(MethodInvocationHelper.java:124)
	at org.testng.internal.MethodInvocationHelper.invokeMethod(MethodInvocationHelper.java:74)
	at org.testng.internal.MethodInvocationHelper.invokeMethodNoCheckedException(MethodInvocationHelper.java:45)
	at org.testng.internal.MethodInvocationHelper.invokeDataProvider(MethodInvocationHelper.java:131)
	at org.testng.internal.Parameters.handleParameters(Parameters.java:706)
	at org.testng.internal.ParameterHandler.handleParameters(ParameterHandler.java:49)
	at org.testng.internal.ParameterHandler.createParameters(ParameterHandler.java:37)
	at org.testng.internal.Invoker.invokeTestMethods(Invoker.java:924)
	at org.testng.internal.TestMethodWorker.invokeTestMethods(TestMethodWorker.java:125)
	at org.testng.internal.TestMethodWorker.run(TestMethodWorker.java:109)
	at org.testng.TestRunner.privateRun(TestRunner.java:648)
	at org.testng.TestRunner.run(TestRunner.java:505)
	at org.testng.SuiteRunner.runTest(SuiteRunner.java:455)
	at org.testng.SuiteRunner.runSequentially(SuiteRunner.java:450)
	at org.testng.SuiteRunner.privateRun(SuiteRunner.java:415)
	at org.testng.SuiteRunner.run(SuiteRunner.java:364)
	at org.testng.SuiteRunnerWorker.runSuite(SuiteRunnerWorker.java:52)
	at org.testng.SuiteRunnerWorker.run(SuiteRunnerWorker.java:84)
	at org.testng.TestNG.runSuitesSequentially(TestNG.java:1208)
	at org.testng.TestNG.runSuitesLocally(TestNG.java:1137)
	at org.testng.TestNG.runSuites(TestNG.java:1049)
	at org.testng.TestNG.run(TestNG.java:1017)
	at org.apache.maven.surefire.testng.TestNGExecutor.run(TestNGExecutor.java:281)
	at org.apache.maven.surefire.testng.TestNGXmlTestSuite.execute(TestNGXmlTestSuite.java:75)
	at org.apache.maven.surefire.testng.TestNGProvider.invoke(TestNGProvider.java:121)
	at org.apache.maven.surefire.booter.ForkedBooter.invokeProviderInSameClassLoader(ForkedBooter.java:290)
	at org.apache.maven.surefire.booter.ForkedBooter.runSuitesInProcess(ForkedBooter.java:242)
	at org.apache.maven.surefire.booter.ForkedBooter.main(ForkedBooter.java:121)
[Utils] [ERROR] [Error] org.testng.TestNGException: 
Data Provider public java.lang.Object[][] testScripts.login.LoginTest.testData() returned a null value
	at org.testng.internal.MethodInvocationHelper.invokeDataProvider(MethodInvocationHelper.java:133)
	at org.testng.internal.Parameters.handleParameters(Parameters.java:706)
	at org.testng.internal.ParameterHandler.handleParameters(ParameterHandler.java:49)
	at org.testng.internal.ParameterHandler.createParameters(ParameterHandler.java:37)
	at org.testng.internal.Invoker.invokeTestMethods(Invoker.java:924)
	at org.testng.internal.TestMethodWorker.invokeTestMethods(TestMethodWorker.java:125)
	at org.testng.internal.TestMethodWorker.run(TestMethodWorker.java:109)
	at org.testng.TestRunner.privateRun(TestRunner.java:648)
	at org.testng.TestRunner.run(TestRunner.java:505)
	at org.testng.SuiteRunner.runTest(SuiteRunner.java:455)
	at org.testng.SuiteRunner.runSequentially(SuiteRunner.java:450)
	at org.testng.SuiteRunner.privateRun(SuiteRunner.java:415)
	at org.testng.SuiteRunner.run(SuiteRunner.java:364)
	at org.testng.SuiteRunnerWorker.runSuite(SuiteRunnerWorker.java:52)
	at org.testng.SuiteRunnerWorker.run(SuiteRunnerWorker.java:84)
	at org.testng.TestNG.runSuitesSequentially(TestNG.java:1208)
	at org.testng.TestNG.runSuitesLocally(TestNG.java:1137)
	at org.testng.TestNG.runSuites(TestNG.java:1049)
	at org.testng.TestNG.run(TestNG.java:1017)
	at org.apache.maven.surefire.testng.TestNGExecutor.run(TestNGExecutor.java:281)
	at org.apache.maven.surefire.testng.TestNGXmlTestSuite.execute(TestNGXmlTestSuite.java:75)
	at org.apache.maven.surefire.testng.TestNGProvider.invoke(TestNGProvider.java:121)
	at org.apache.maven.surefire.booter.ForkedBooter.invokeProviderInSameClassLoader(ForkedBooter.java:290)
	at org.apache.maven.surefire.booter.ForkedBooter.runSuitesInProcess(ForkedBooter.java:242)
	at org.apache.maven.surefire.booter.ForkedBooter.main(ForkedBooter.java:121)

]]></system-err>
  </testcase>
</testsuite>