<?xml version="1.0" encoding="UTF-8"?>
<!-- Generated by org.testng.reporters.JUnitXMLReporter -->
<testsuite hostname="User-PC" ignored="0" name="TestNG" tests="1" failures="1" timestamp="17 Jun 2018 08:26:42 GMT" time="8.484" errors="0">
  <testcase name="@BeforeTest launchBrowser" time="8.046" classname="testBase.TestBase">
    <failure type="java.lang.NumberFormatException" message="null">
      <![CDATA[java.lang.NumberFormatException: null
at java.lang.Integer.parseInt(Unknown Source)
at java.lang.Integer.parseInt(Unknown Source)
at testBase.DataSource.getImplicitWait(DataSource.java:63)
at testBase.TestBase.launchBrowser(TestBase.java:140)
... Removed 24 stack frames]]>
    </failure>
  </testcase> <!-- @BeforeTest launchBrowser -->
  <testcase name="@BeforeClass beforeClass" time="0.0" classname="testScripts.login.LoginTest">
    <skipped/>
  </testcase> <!-- @BeforeClass beforeClass -->
  <testcase name="loginTest" time="0.0" classname="testScripts.login.LoginTest">
    <failure type="org.testng.TestNGException" message="
Data Provider public java.lang.Object[][] testScripts.login.LoginTest.testData() returned a null value">
      <![CDATA[org.testng.TestNGException: 
Data Provider public java.lang.Object[][] testScripts.login.LoginTest.testData() returned a null value
... Removed 22 stack frames]]>
    </failure>
  </testcase> <!-- loginTest -->
</testsuite> <!-- TestNG -->
